\BOOKMARK [1][-]{section.1}{\376\377\000E\000i\000n\000l\000e\000i\000t\000u\000n\000g}{}% 1
\BOOKMARK [2][-]{subsection.1.1}{\376\377\000W\000a\000r\000u\000m\000\040\000l\000i\000n\000e\000a\000r\000e\000\040\000A\000l\000g\000e\000b\000r\000a\000\040\000f\000\374\000r\000\040\000C\000h\000e\000m\000i\000k\000e\000r\000?}{section.1}% 2
\BOOKMARK [2][-]{subsection.1.2}{\376\377\000A\000u\000f\000b\000a\000u\000\040\000d\000i\000e\000s\000e\000s\000\040\000S\000k\000r\000i\000p\000t\000s}{section.1}% 3
\BOOKMARK [1][-]{section.2}{\376\377\000M\000e\000n\000g\000e\000n\000,\000\040\000A\000b\000b\000i\000l\000d\000u\000n\000g\000e\000n\000\040\000u\000n\000d\000\040\000G\000r\000u\000p\000p\000e\000n}{}% 4
\BOOKMARK [2][-]{subsection.2.1}{\376\377\000A\000n\000s\000c\000h\000a\000u\000l\000i\000c\000h\000e\000\040\000E\000r\000k\000l\000\344\000r\000u\000n\000g}{section.2}% 5
\BOOKMARK [2][-]{subsection.2.2}{\376\377\000M\000a\000t\000h\000e\000m\000a\000t\000i\000s\000c\000h\000e\000\040\000D\000e\000f\000i\000n\000i\000t\000i\000o\000n\000e\000n}{section.2}% 6
\BOOKMARK [3][-]{subsubsection.2.2.1}{\376\377\000G\000r\000u\000n\000d\000l\000e\000g\000e\000n\000d\000e\000\040\000S\000t\000r\000u\000k\000t\000u\000r\000e\000n}{subsection.2.2}% 7
\BOOKMARK [3][-]{subsubsection.2.2.2}{\376\377\000A\000l\000g\000e\000b\000r\000a\000i\000s\000c\000h\000e\000\040\000S\000t\000r\000u\000k\000t\000u\000r\000e\000n}{subsection.2.2}% 8
\BOOKMARK [2][-]{subsection.2.3}{\376\377\000B\000e\000i\000s\000p\000i\000e\000l\000r\000e\000c\000h\000n\000u\000n\000g\000:\000\040\000P\000e\000r\000m\000u\000t\000a\000t\000i\000o\000n\000e\000n\000\040\000v\000o\000n\000\040\000L\000i\000g\000a\000n\000d\000e\000n}{section.2}% 9
\BOOKMARK [2][-]{subsection.2.4}{\376\377\000K\000o\000n\000k\000r\000e\000t\000e\000\040\000c\000h\000e\000m\000i\000s\000c\000h\000e\000\040\000B\000e\000i\000s\000p\000i\000e\000l\000e}{section.2}% 10
\BOOKMARK [3][-]{subsubsection.2.4.1}{\376\377\000A\000m\000m\000o\000n\000i\000a\000k\000\040\000N\000H\0003\000:\000\040\000P\000u\000n\000k\000t\000g\000r\000u\000p\000p\000e\000\040\000C\0003\000v}{subsection.2.4}% 11
\BOOKMARK [2][-]{subsection.2.5}{\376\377\000W\000e\000i\000t\000e\000r\000f\000\374\000h\000r\000e\000n\000d\000e\000\040\000T\000h\000e\000m\000e\000n}{section.2}% 12
\BOOKMARK [1][-]{section.3}{\376\377\000V\000e\000k\000t\000o\000r\000r\000\344\000u\000m\000e\000\040\000u\000n\000d\000\040\000l\000i\000n\000e\000a\000r\000e\000\040\000A\000b\000b\000i\000l\000d\000u\000n\000g\000e\000n}{}% 13
\BOOKMARK [2][-]{subsubsection.3.0.1}{\376\377\000M\000e\000t\000h\000a\000n\000\040\000C\000H\0004\000:\000\040\000T\000e\000t\000r\000a\000e\000d\000r\000i\000s\000c\000h\000e\000\040\000S\000y\000m\000m\000e\000t\000r\000i\000e}{section.3}% 14
\BOOKMARK [2][-]{subsection.3.1}{\376\377\000A\000n\000w\000e\000n\000d\000u\000n\000g\000e\000n\000\040\000i\000n\000\040\000d\000e\000r\000\040\000S\000p\000e\000k\000t\000r\000o\000s\000k\000o\000p\000i\000e}{section.3}% 15
\BOOKMARK [3][-]{subsubsection.3.1.1}{\376\377\000I\000R\000-\000A\000u\000s\000w\000a\000h\000l\000r\000e\000g\000e\000l\000n}{subsection.3.1}% 16
\BOOKMARK [3][-]{subsubsection.3.1.2}{\376\377\000K\000o\000m\000b\000i\000n\000a\000t\000i\000o\000n\000s\000v\000e\000r\000b\000o\000t\000\040\000i\000n\000\040\000d\000e\000r\000\040\000M\000O\000-\000T\000h\000e\000o\000r\000i\000e}{subsection.3.1}% 17
\BOOKMARK [2][-]{subsection.3.2}{\376\377\000\334\000b\000u\000n\000g\000s\000a\000u\000f\000g\000a\000b\000e\000n}{section.3}% 18
\BOOKMARK [1][-]{section.4}{\376\377\000M\000a\000t\000r\000i\000z\000e\000n\000,\000\040\000V\000e\000k\000t\000o\000r\000e\000n\000\040\000u\000n\000d\000\040\000V\000e\000k\000t\000o\000r\000r\000\344\000u\000m\000e}{}% 19
\BOOKMARK [2][-]{subsection.4.1}{\376\377\000A\000n\000s\000c\000h\000a\000u\000l\000i\000c\000h\000e\000\040\000E\000r\000k\000l\000\344\000r\000u\000n\000g}{section.4}% 20
\BOOKMARK [2][-]{subsection.4.2}{\376\377\000M\000a\000t\000h\000e\000m\000a\000t\000i\000s\000c\000h\000e\000\040\000D\000e\000f\000i\000n\000i\000t\000i\000o\000n\000e\000n}{section.4}% 21
\BOOKMARK [3][-]{subsubsection.4.2.1}{\376\377\000V\000e\000k\000t\000o\000r\000r\000\344\000u\000m\000e\000\040\000-\000\040\000F\000u\000n\000d\000a\000m\000e\000n\000t\000a\000l\000e\000\040\000S\000t\000r\000u\000k\000t\000u\000r\000e\000n}{subsection.4.2}% 22
\BOOKMARK [2][-]{subsection.4.3}{\376\377\000V\000e\000k\000t\000o\000r\000r\000\344\000u\000m\000e\000\040\000i\000n\000\040\000d\000e\000r\000\040\000C\000h\000e\000m\000i\000e}{section.4}% 23
\BOOKMARK [3][-]{subsubsection.4.3.1}{\376\377\000L\000i\000n\000e\000a\000r\000e\000\040\000A\000b\000h\000\344\000n\000g\000i\000g\000k\000e\000i\000t\000\040\000u\000n\000d\000\040\000B\000a\000s\000i\000s}{subsection.4.3}% 24
\BOOKMARK [3][-]{subsubsection.4.3.2}{\376\377\000M\000a\000t\000r\000i\000z\000e\000n\000\040\000a\000l\000s\000\040\000D\000a\000r\000s\000t\000e\000l\000l\000u\000n\000g\000e\000n\000\040\000l\000i\000n\000e\000a\000r\000e\000r\000\040\000A\000b\000b\000i\000l\000d\000u\000n\000g\000e\000n}{subsection.4.3}% 25
\BOOKMARK [2][-]{subsection.4.4}{\376\377\000B\000e\000i\000s\000p\000i\000e\000l\000r\000e\000c\000h\000n\000u\000n\000g\000:\000\040\000S\000t\000\366\000c\000h\000i\000o\000m\000e\000t\000r\000i\000s\000c\000h\000e\000r\000\040\000U\000n\000t\000e\000r\000r\000a\000u\000m}{section.4}% 26
\BOOKMARK [2][-]{subsection.4.5}{\376\377\000A\000n\000w\000e\000n\000d\000u\000n\000g\000e\000n\000\040\000i\000n\000\040\000d\000e\000r\000\040\000a\000n\000a\000l\000y\000t\000i\000s\000c\000h\000e\000n\000\040\000C\000h\000e\000m\000i\000e}{section.4}% 27
\BOOKMARK [3][-]{subsubsection.4.5.1}{\376\377\000M\000e\000h\000r\000k\000o\000m\000p\000o\000n\000e\000n\000t\000e\000n\000a\000n\000a\000l\000y\000s\000e}{subsection.4.5}% 28
\BOOKMARK [3][-]{subsubsection.4.5.2}{\376\377\000K\000a\000l\000i\000b\000r\000i\000e\000r\000g\000e\000r\000a\000d\000e\000n\000\040\000u\000n\000d\000\040\000A\000u\000s\000g\000l\000e\000i\000c\000h\000s\000r\000e\000c\000h\000n\000u\000n\000g}{subsection.4.5}% 29
\BOOKMARK [2][-]{subsection.4.6}{\376\377\000M\000o\000l\000e\000k\000\374\000l\000o\000r\000b\000i\000t\000a\000l\000e\000\040\000a\000l\000s\000\040\000L\000i\000n\000e\000a\000r\000k\000o\000m\000b\000i\000n\000a\000t\000i\000o\000n\000e\000n}{section.4}% 30
\BOOKMARK [3][-]{subsubsection.4.6.1}{\376\377\000L\000C\000A\000O\000-\000A\000n\000s\000a\000t\000z\000\040\000\050\000L\000i\000n\000e\000a\000r\000\040\000C\000o\000m\000b\000i\000n\000a\000t\000i\000o\000n\000\040\000o\000f\000\040\000A\000t\000o\000m\000i\000c\000\040\000O\000r\000b\000i\000t\000a\000l\000s\000\051}{subsection.4.6}% 31
\BOOKMARK [3][-]{subsubsection.4.6.2}{\376\377\000H\000\374\000c\000k\000e\000l\000-\000M\000e\000t\000h\000o\000d\000e\000\040\000f\000\374\000r\000\040\000p\000i\000-\000S\000y\000s\000t\000e\000m\000e}{subsection.4.6}% 32
\BOOKMARK [2][-]{subsection.4.7}{\376\377\000\334\000b\000u\000n\000g\000s\000a\000u\000f\000g\000a\000b\000e\000n}{section.4}% 33
\BOOKMARK [1][-]{section.5}{\376\377\000L\000i\000n\000e\000a\000r\000e\000\040\000A\000b\000b\000i\000l\000d\000u\000n\000g\000e\000n}{}% 34
\BOOKMARK [2][-]{subsection.5.1}{\376\377\000A\000n\000s\000c\000h\000a\000u\000l\000i\000c\000h\000e\000\040\000E\000r\000k\000l\000\344\000r\000u\000n\000g}{section.5}% 35
\BOOKMARK [2][-]{subsection.5.2}{\376\377\000C\000h\000e\000m\000i\000s\000c\000h\000e\000\040\000B\000e\000i\000s\000p\000i\000e\000l\000e\000\040\000l\000i\000n\000e\000a\000r\000e\000r\000\040\000A\000b\000b\000i\000l\000d\000u\000n\000g\000e\000n}{section.5}% 36
\BOOKMARK [2][-]{subsection.5.3}{\376\377\000M\000a\000t\000h\000e\000m\000a\000t\000i\000s\000c\000h\000e\000\040\000G\000r\000u\000n\000d\000l\000a\000g\000e\000n}{section.5}% 37
\BOOKMARK [2][-]{subsection.5.4}{\376\377\000M\000a\000t\000h\000e\000m\000a\000t\000i\000s\000c\000h\000e\000\040\000D\000e\000f\000i\000n\000i\000t\000i\000o\000n\000\040\000u\000n\000d\000\040\000E\000i\000g\000e\000n\000s\000c\000h\000a\000f\000t\000e\000n}{section.5}% 38
\BOOKMARK [2][-]{subsection.5.5}{\376\377\000M\000a\000t\000r\000i\000x\000d\000a\000r\000s\000t\000e\000l\000l\000u\000n\000g\000\040\000l\000i\000n\000e\000a\000r\000e\000r\000\040\000A\000b\000b\000i\000l\000d\000u\000n\000g\000e\000n}{section.5}% 39
\BOOKMARK [2][-]{subsection.5.6}{\376\377\000B\000e\000i\000s\000p\000i\000e\000l\000r\000e\000c\000h\000n\000u\000n\000g\000:\000\040\000S\000y\000m\000m\000e\000t\000r\000i\000e\000o\000p\000e\000r\000a\000t\000i\000o\000n\000e\000n\000\040\000a\000m\000\040\000W\000a\000s\000s\000e\000r\000m\000o\000l\000e\000k\000\374\000l}{section.5}% 40
\BOOKMARK [2][-]{subsection.5.7}{\376\377\000\334\000b\000u\000n\000g\000s\000a\000u\000f\000g\000a\000b\000e\000n}{section.5}% 41
\BOOKMARK [1][-]{section.6}{\376\377\000L\000i\000n\000e\000a\000r\000e\000\040\000G\000l\000e\000i\000c\000h\000u\000n\000g\000s\000s\000y\000s\000t\000e\000m\000e\000\040\000u\000n\000d\000\040\000B\000a\000s\000e\000n}{}% 42
\BOOKMARK [2][-]{subsection.6.1}{\376\377\000A\000n\000s\000c\000h\000a\000u\000l\000i\000c\000h\000e\000\040\000E\000r\000k\000l\000\344\000r\000u\000n\000g}{section.6}% 43
\BOOKMARK [2][-]{subsection.6.2}{\376\377\000M\000a\000t\000h\000e\000m\000a\000t\000i\000s\000c\000h\000e\000\040\000G\000r\000u\000n\000d\000l\000a\000g\000e\000n}{section.6}% 44
\BOOKMARK [2][-]{subsection.6.3}{\376\377\000B\000e\000i\000s\000p\000i\000e\000l\000r\000e\000c\000h\000n\000u\000n\000g\000:\000\040\000K\000o\000n\000s\000t\000r\000u\000k\000t\000i\000v\000e\000s\000\040\000L\000G\000S}{section.6}% 45
\BOOKMARK [2][-]{subsection.6.4}{\376\377\000C\000h\000e\000m\000i\000s\000c\000h\000e\000\040\000G\000l\000e\000i\000c\000h\000g\000e\000w\000i\000c\000h\000t\000e\000\040\000u\000n\000d\000\040\000S\000t\000o\000f\000f\000b\000i\000l\000a\000n\000z\000e\000n}{section.6}% 46
\BOOKMARK [3][-]{subsubsection.6.4.1}{\376\377\000M\000a\000s\000s\000e\000n\000w\000i\000r\000k\000u\000n\000g\000s\000g\000e\000s\000e\000t\000z\000\040\000u\000n\000d\000\040\000l\000i\000n\000e\000a\000r\000e\000\040\000A\000b\000h\000\344\000n\000g\000i\000g\000k\000e\000i\000t\000e\000n}{subsection.6.4}% 47
\BOOKMARK [3][-]{subsubsection.6.4.2}{\376\377\000S\000t\000\366\000c\000h\000i\000o\000m\000e\000t\000r\000i\000s\000c\000h\000e\000\040\000M\000a\000t\000r\000i\000x}{subsection.6.4}% 48
\BOOKMARK [2][-]{subsection.6.5}{\376\377\000K\000r\000i\000s\000t\000a\000l\000l\000o\000g\000r\000a\000p\000h\000i\000e\000\040\000u\000n\000d\000\040\000G\000i\000t\000t\000e\000r\000s\000t\000r\000u\000k\000t\000u\000r\000e\000n}{section.6}% 49
\BOOKMARK [3][-]{subsubsection.6.5.1}{\376\377\000B\000a\000s\000i\000s\000v\000e\000k\000t\000o\000r\000e\000n\000\040\000i\000m\000\040\000K\000r\000i\000s\000t\000a\000l\000l\000g\000i\000t\000t\000e\000r}{subsection.6.5}% 50
\BOOKMARK [3][-]{subsubsection.6.5.2}{\376\377\000N\000e\000t\000z\000e\000b\000e\000n\000e\000n\000\040\000u\000n\000d\000\040\000B\000r\000a\000g\000g\000-\000G\000l\000e\000i\000c\000h\000u\000n\000g}{subsection.6.5}% 51
\BOOKMARK [2][-]{subsection.6.6}{\376\377\000\334\000b\000u\000n\000g\000s\000a\000u\000f\000g\000a\000b\000e\000n}{section.6}% 52
\BOOKMARK [1][-]{section.7}{\376\377\000L\000i\000n\000e\000a\000r\000e\000\040\000A\000b\000b\000i\000l\000d\000u\000n\000g\000e\000n\000\040\000u\000n\000d\000\040\000G\000r\000u\000p\000p\000e\000n\000t\000h\000e\000o\000r\000i\000e}{}% 53
\BOOKMARK [2][-]{subsection.7.1}{\376\377\000A\000n\000s\000c\000h\000a\000u\000l\000i\000c\000h\000e\000\040\000E\000r\000k\000l\000\344\000r\000u\000n\000g}{section.7}% 54
\BOOKMARK [2][-]{subsection.7.2}{\376\377\000M\000a\000t\000h\000e\000m\000a\000t\000i\000s\000c\000h\000e\000\040\000D\000e\000f\000i\000n\000i\000t\000i\000o\000n}{section.7}% 55
\BOOKMARK [2][-]{subsection.7.3}{\376\377\000B\000e\000i\000s\000p\000i\000e\000l\000r\000e\000c\000h\000n\000u\000n\000g\000:\000\040\000S\000y\000m\000m\000e\000t\000r\000i\000s\000c\000h\000e\000/\000a\000n\000t\000i\000s\000y\000m\000m\000e\000t\000r\000i\000s\000c\000h\000e\000\040\000K\000o\000o\000r\000d\000i\000n\000a\000t\000e\000n}{section.7}% 56
\BOOKMARK [2][-]{subsection.7.4}{\376\377\000K\000o\000o\000r\000d\000i\000n\000a\000t\000e\000n\000t\000r\000a\000n\000s\000f\000o\000r\000m\000a\000t\000i\000o\000n\000e\000n\000\040\000i\000n\000\040\000d\000e\000r\000\040\000C\000h\000e\000m\000i\000e}{section.7}% 57
\BOOKMARK [3][-]{subsubsection.7.4.1}{\376\377\000I\000n\000t\000e\000r\000n\000e\000\040\000K\000o\000o\000r\000d\000i\000n\000a\000t\000e\000n\000\040\000b\000e\000i\000\040\000M\000o\000l\000e\000k\000\374\000l\000e\000n}{subsection.7.4}% 58
\BOOKMARK [3][-]{subsubsection.7.4.2}{\376\377\000P\000r\000i\000n\000c\000i\000p\000a\000l\000\040\000C\000o\000m\000p\000o\000n\000e\000n\000t\000\040\000A\000n\000a\000l\000y\000s\000i\000s\000\040\000\050\000P\000C\000A\000\051\000\040\000i\000n\000\040\000d\000e\000r\000\040\000S\000p\000e\000k\000t\000r\000o\000s\000k\000o\000p\000i\000e}{subsection.7.4}% 59
\BOOKMARK [2][-]{subsection.7.5}{\376\377\000G\000r\000u\000p\000p\000e\000n\000t\000h\000e\000o\000r\000i\000e\000\040\000u\000n\000d\000\040\000M\000a\000t\000r\000i\000x\000d\000a\000r\000s\000t\000e\000l\000l\000u\000n\000g\000e\000n}{section.7}% 60
\BOOKMARK [3][-]{subsubsection.7.5.1}{\376\377\000D\000a\000r\000s\000t\000e\000l\000l\000u\000n\000g\000e\000n\000\040\000v\000o\000n\000\040\000P\000u\000n\000k\000t\000g\000r\000u\000p\000p\000e\000n}{subsection.7.5}% 61
\BOOKMARK [3][-]{subsubsection.7.5.2}{\376\377\000I\000r\000r\000e\000d\000u\000z\000i\000b\000l\000e\000\040\000D\000a\000r\000s\000t\000e\000l\000l\000u\000n\000g\000e\000n\000\040\000u\000n\000d\000\040\000C\000h\000a\000r\000a\000k\000t\000e\000r\000t\000a\000f\000e\000l\000n}{subsection.7.5}% 62
\BOOKMARK [2][-]{subsection.7.6}{\376\377\000\334\000b\000u\000n\000g\000s\000a\000u\000f\000g\000a\000b\000e\000n}{section.7}% 63
\BOOKMARK [1][-]{section.8}{\376\377\000I\000n\000v\000e\000r\000s\000i\000o\000n\000,\000\040\000K\000e\000r\000n\000\040\000u\000n\000d\000\040\000B\000i\000l\000d}{}% 64
\BOOKMARK [2][-]{subsection.8.1}{\376\377\000A\000n\000s\000c\000h\000a\000u\000l\000i\000c\000h\000e\000\040\000E\000r\000k\000l\000\344\000r\000u\000n\000g}{section.8}% 65
\BOOKMARK [2][-]{subsection.8.2}{\376\377\000D\000e\000f\000i\000n\000i\000t\000i\000o\000n\000e\000n}{section.8}% 66
\BOOKMARK [2][-]{subsection.8.3}{\376\377\000B\000e\000i\000s\000p\000i\000e\000l\000r\000e\000c\000h\000n\000u\000n\000g}{section.8}% 67
\BOOKMARK [2][-]{subsection.8.4}{\376\377\000A\000n\000w\000e\000n\000d\000u\000n\000g\000e\000n\000\040\000i\000n\000\040\000d\000e\000r\000\040\000S\000p\000e\000k\000t\000r\000a\000l\000a\000n\000a\000l\000y\000s\000e}{section.8}% 68
\BOOKMARK [3][-]{subsubsection.8.4.1}{\376\377\000D\000e\000k\000o\000n\000v\000o\000l\000u\000t\000i\000o\000n\000\040\000v\000o\000n\000\040\000S\000p\000e\000k\000t\000r\000e\000n}{subsection.8.4}% 69
\BOOKMARK [3][-]{subsubsection.8.4.2}{\376\377\000F\000a\000k\000t\000o\000r\000a\000n\000a\000l\000y\000s\000e\000\040\000i\000n\000\040\000d\000e\000r\000\040\000A\000n\000a\000l\000y\000t\000i\000k}{subsection.8.4}% 70
\BOOKMARK [2][-]{subsection.8.5}{\376\377\000I\000n\000v\000e\000r\000s\000e\000\040\000P\000r\000o\000b\000l\000e\000m\000e\000\040\000i\000n\000\040\000d\000e\000r\000\040\000p\000h\000y\000s\000i\000k\000a\000l\000i\000s\000c\000h\000e\000n\000\040\000C\000h\000e\000m\000i\000e}{section.8}% 71
\BOOKMARK [3][-]{subsubsection.8.5.1}{\376\377\000B\000e\000s\000t\000i\000m\000m\000u\000n\000g\000\040\000v\000o\000n\000\040\000R\000e\000a\000k\000t\000i\000o\000n\000s\000g\000e\000s\000c\000h\000w\000i\000n\000d\000i\000g\000k\000e\000i\000t\000s\000k\000o\000n\000s\000t\000a\000n\000t\000e\000n}{subsection.8.5}% 72
\BOOKMARK [3][-]{subsubsection.8.5.2}{\376\377\000S\000t\000r\000u\000k\000t\000u\000r\000b\000e\000s\000t\000i\000m\000m\000u\000n\000g\000\040\000a\000u\000s\000\040\000S\000t\000r\000e\000u\000e\000x\000p\000e\000r\000i\000m\000e\000n\000t\000e\000n}{subsection.8.5}% 73
\BOOKMARK [2][-]{subsection.8.6}{\376\377\000\334\000b\000u\000n\000g\000s\000a\000u\000f\000g\000a\000b\000e\000n}{section.8}% 74
\BOOKMARK [1][-]{section.9}{\376\377\000D\000e\000t\000e\000r\000m\000i\000n\000a\000n\000t\000e\000n\000\040\000u\000n\000d\000\040\000P\000e\000r\000m\000u\000t\000a\000t\000i\000o\000n\000e\000n}{}% 75
\BOOKMARK [2][-]{subsection.9.1}{\376\377\000A\000n\000s\000c\000h\000a\000u\000l\000i\000c\000h\000e\000\040\000E\000r\000k\000l\000\344\000r\000u\000n\000g}{section.9}% 76
\BOOKMARK [2][-]{subsection.9.2}{\376\377\000D\000e\000f\000i\000n\000i\000t\000i\000o\000n}{section.9}% 77
\BOOKMARK [2][-]{subsection.9.3}{\376\377\000B\000e\000i\000s\000p\000i\000e\000l\000r\000e\000c\000h\000n\000u\000n\000g}{section.9}% 78
\BOOKMARK [2][-]{subsection.9.4}{\376\377\000C\000h\000e\000m\000i\000s\000c\000h\000e\000\040\000A\000n\000w\000e\000n\000d\000u\000n\000g\000e\000n\000\040\000d\000e\000r\000\040\000D\000e\000t\000e\000r\000m\000i\000n\000a\000n\000t\000e}{section.9}% 79
\BOOKMARK [3][-]{subsubsection.9.4.1}{\376\377\000S\000l\000a\000t\000e\000r\000-\000D\000e\000t\000e\000r\000m\000i\000n\000a\000n\000t\000e\000n\000\040\000i\000n\000\040\000d\000e\000r\000\040\000Q\000u\000a\000n\000t\000e\000n\000c\000h\000e\000m\000i\000e}{subsection.9.4}% 80
\BOOKMARK [3][-]{subsubsection.9.4.2}{\376\377\000J\000a\000c\000o\000b\000i\000-\000D\000e\000t\000e\000r\000m\000i\000n\000a\000n\000t\000e\000\040\000b\000e\000i\000\040\000K\000o\000o\000r\000d\000i\000n\000a\000t\000e\000n\000t\000r\000a\000n\000s\000f\000o\000r\000m\000a\000t\000i\000o\000n\000e\000n}{subsection.9.4}% 81
\BOOKMARK [2][-]{subsection.9.5}{\376\377\000\334\000b\000u\000n\000g\000s\000a\000u\000f\000g\000a\000b\000e\000n}{section.9}% 82
\BOOKMARK [1][-]{section.10}{\376\377\000E\000i\000g\000e\000n\000w\000e\000r\000t\000e\000\040\000u\000n\000d\000\040\000E\000i\000g\000e\000n\000v\000e\000k\000t\000o\000r\000e\000n}{}% 83
\BOOKMARK [2][-]{subsection.10.1}{\376\377\000A\000n\000s\000c\000h\000a\000u\000l\000i\000c\000h\000e\000\040\000E\000r\000k\000l\000\344\000r\000u\000n\000g}{section.10}% 84
\BOOKMARK [2][-]{subsection.10.2}{\376\377\000E\000i\000g\000e\000n\000w\000e\000r\000t\000p\000r\000o\000b\000l\000e\000m\000e\000\040\000i\000n\000\040\000d\000e\000r\000\040\000C\000h\000e\000m\000i\000e}{section.10}% 85
\BOOKMARK [2][-]{subsection.10.3}{\376\377\000M\000a\000t\000h\000e\000m\000a\000t\000i\000s\000c\000h\000e\000\040\000D\000e\000f\000i\000n\000i\000t\000i\000o\000n\000e\000n}{section.10}% 86
\BOOKMARK [2][-]{subsection.10.4}{\376\377\000D\000e\000f\000i\000n\000i\000t\000i\000o\000n\000e\000n}{section.10}% 87
\BOOKMARK [2][-]{subsection.10.5}{\376\377\000B\000e\000i\000s\000p\000i\000e\000l\000r\000e\000c\000h\000n\000u\000n\000g}{section.10}% 88
\BOOKMARK [1][-]{section.11}{\376\377\000E\000u\000k\000l\000i\000d\000i\000s\000c\000h\000e\000\040\000u\000n\000d\000\040\000u\000n\000i\000t\000\344\000r\000e\000\040\000R\000\344\000u\000m\000e\000,\000\040\000G\000r\000a\000m\000-\000S\000c\000h\000m\000i\000d\000t\000,\000\040\000H\000i\000l\000b\000e\000r\000t\000r\000\344\000u\000m\000e}{}% 89
\BOOKMARK [2][-]{subsection.11.1}{\376\377\000A\000n\000s\000c\000h\000a\000u\000l\000i\000c\000h\000e\000\040\000E\000r\000k\000l\000\344\000r\000u\000n\000g}{section.11}% 90
\BOOKMARK [2][-]{subsection.11.2}{\376\377\000D\000e\000f\000i\000n\000i\000t\000i\000o\000n\000e\000n}{section.11}% 91
\BOOKMARK [2][-]{subsection.11.3}{\376\377\000G\000r\000a\000m\000-\000S\000c\000h\000m\000i\000d\000t\000-\000V\000e\000r\000f\000a\000h\000r\000e\000n\000\040\000\050\000B\000e\000i\000s\000p\000i\000e\000l\000\051}{section.11}% 92
\BOOKMARK [2][-]{subsection.11.4}{\376\377\000H\000i\000l\000b\000e\000r\000t\000r\000\344\000u\000m\000e}{section.11}% 93
\BOOKMARK [1][-]{section.12}{\376\377\000O\000r\000t\000h\000o\000g\000o\000n\000a\000l\000e\000\040\000A\000b\000b\000i\000l\000d\000u\000n\000g\000e\000n\000\040\000u\000n\000d\000\040\000E\000n\000d\000o\000m\000o\000r\000p\000h\000i\000s\000m\000e\000n}{}% 94
\BOOKMARK [2][-]{subsection.12.1}{\376\377\000A\000n\000s\000c\000h\000a\000u\000l\000i\000c\000h\000e\000\040\000E\000r\000k\000l\000\344\000r\000u\000n\000g}{section.12}% 95
\BOOKMARK [2][-]{subsection.12.2}{\376\377\000D\000e\000f\000i\000n\000i\000t\000i\000o\000n\000e\000n}{section.12}% 96
\BOOKMARK [2][-]{subsection.12.3}{\376\377\000B\000e\000i\000s\000p\000i\000e\000l\000r\000e\000c\000h\000n\000u\000n\000g\000:\000\040\000D\000r\000e\000h\000m\000a\000t\000r\000i\000x}{section.12}% 97
\BOOKMARK [1][-]{section.13}{\376\377\000J\000o\000r\000d\000a\000n\000-\000N\000o\000r\000m\000a\000l\000f\000o\000r\000m}{}% 98
\BOOKMARK [2][-]{subsection.13.1}{\376\377\000A\000n\000s\000c\000h\000a\000u\000l\000i\000c\000h\000e\000\040\000E\000r\000k\000l\000\344\000r\000u\000n\000g}{section.13}% 99
\BOOKMARK [2][-]{subsection.13.2}{\376\377\000D\000e\000f\000i\000n\000i\000t\000i\000o\000n\000e\000n}{section.13}% 100
\BOOKMARK [2][-]{subsection.13.3}{\376\377\000B\000e\000i\000s\000p\000i\000e\000l\000r\000e\000c\000h\000n\000u\000n\000g}{section.13}% 101
\BOOKMARK [1][-]{section.14}{\376\377\000D\000u\000a\000l\000r\000\344\000u\000m\000e}{}% 102
\BOOKMARK [2][-]{subsection.14.1}{\376\377\000A\000n\000s\000c\000h\000a\000u\000l\000i\000c\000h\000e\000\040\000E\000r\000k\000l\000\344\000r\000u\000n\000g}{section.14}% 103
\BOOKMARK [2][-]{subsection.14.2}{\376\377\000D\000e\000f\000i\000n\000i\000t\000i\000o\000n\000e\000n}{section.14}% 104
\BOOKMARK [2][-]{subsection.14.3}{\376\377\000B\000e\000i\000s\000p\000i\000e\000l\000r\000e\000c\000h\000n\000u\000n\000g}{section.14}% 105
\BOOKMARK [1][-]{section.15}{\376\377\000T\000e\000n\000s\000o\000r\000p\000r\000o\000d\000u\000k\000t\000e}{}% 106
\BOOKMARK [2][-]{subsection.15.1}{\376\377\000A\000n\000s\000c\000h\000a\000u\000l\000i\000c\000h\000e\000\040\000E\000r\000k\000l\000\344\000r\000u\000n\000g}{section.15}% 107
\BOOKMARK [2][-]{subsection.15.2}{\376\377\000D\000e\000f\000i\000n\000i\000t\000i\000o\000n\000\040\000\050\000e\000n\000d\000l\000i\000c\000h\000d\000i\000m\000e\000n\000s\000i\000o\000n\000a\000l\000\051}{section.15}% 108
\BOOKMARK [2][-]{subsection.15.3}{\376\377\000B\000e\000i\000s\000p\000i\000e\000l\000r\000e\000c\000h\000n\000u\000n\000g\000:\000\040\000R\0002\000\040\000T\000e\000n\000s\000o\000r\000p\000r\000o\000d\000u\000k\000t\000\040\000R\0002}{section.15}% 109
